<?xml version="1.0" encoding="UTF-8"?>
<!-- Generated by org.testng.reporters.JUnitXMLReporter -->
<testsuite ignored="0" hostname="DESKTOP-AREV02Q" failures="0" tests="9" name="Test" time="256.364" errors="0" timestamp="2023-06-19T10:50:10 IST">
  <testcase classname="com.demo.qa.testcase.RegisterPage" name="registerPage" time="54.057"/>
  <testcase classname="com.demo.qa.testcase.loginPage" name="loginwithValidCredential" time="5.476"/>
  <testcase classname="com.demo.qa.testcase.loginPage" name="loginwithInValidEmail" time="5.555"/>
  <testcase classname="com.demo.qa.testcase.loginPage" name="loginwithInvalidPassword" time="5.559"/>
  <testcase classname="com.demo.qa.testcase.loginPage" name="loginwithbothInvalidEmailPass" time="3.493"/>
  <testcase classname="com.demo.qa.testcase.loginPage" name="loginwithemptyemail" time="3.466"/>
  <testcase classname="com.demo.qa.testcase.loginPage" name="loginwithemptypassword" time="3.535"/>
  <testcase classname="com.demo.qa.testcase.loginPage" name="loginwithlessdigitPassword" time="9.478"/>
  <testcase classname="com.demo.qa.testcase.loginPage" name="ValidEmailandPassword" time="3.474"/>
</testsuite> <!-- Test -->
